<?xml version="1.0" encoding="UTF-8" ?>
<testsuite tests="1" failures="0" name="MybatisTest" time="0.361" errors="0" skipped="0">
  <properties>
    <property name="java.runtime.name" value="Java(TM) SE Runtime Environment"/>
    <property name="java.vm.version" value="12.0.2+10"/>
    <property name="sun.boot.library.path" value="C:\Program Files\Java\jdk-12.0.2\bin"/>
    <property name="maven.multiModuleProjectDirectory" value="C:\Users\numbe\OneDrive\University\JAVA\OnlineStore"/>
    <property name="java.vm.vendor" value="Oracle Corporation"/>
    <property name="java.vendor.url" value="https://java.oracle.com/"/>
    <property name="guice.disable.misplaced.annotation.check" value="true"/>
    <property name="path.separator" value=";"/>
    <property name="java.vm.name" value="Java HotSpot(TM) 64-Bit Server VM"/>
    <property name="sun.os.patch.level" value=""/>
    <property name="user.script" value=""/>
    <property name="user.country" value="CN"/>
    <property name="sun.java.launcher" value="SUN_STANDARD"/>
    <property name="java.vm.specification.name" value="Java Virtual Machine Specification"/>
    <property name="user.dir" value="C:\Users\numbe\OneDrive\University\JAVA\OnlineStore"/>
    <property name="java.vm.compressedOopsMode" value="Zero based"/>
    <property name="java.runtime.version" value="12.0.2+10"/>
    <property name="java.awt.graphicsenv" value="sun.awt.Win32GraphicsEnvironment"/>
    <property name="os.arch" value="amd64"/>
    <property name="java.io.tmpdir" value="C:\Users\numbe\AppData\Local\Temp\"/>
    <property name="line.separator" value="
"/>
    <property name="java.vm.specification.vendor" value="Oracle Corporation"/>
    <property name="user.variant" value=""/>
    <property name="os.name" value="Windows 10"/>
    <property name="maven.ext.class.path" value="C:\Program Files\JetBrains\IntelliJ IDEA 2019.3.5\plugins\maven\lib\maven-event-listener.jar"/>
    <property name="classworlds.conf" value="C:\Program Files\JetBrains\IntelliJ IDEA 2019.3.5\plugins\maven\lib\maven3\bin\m2.conf"/>
    <property name="sun.jnu.encoding" value="GBK"/>
    <property name="java.library.path" value="C:\Program Files\Java\jdk-12.0.2\bin;C:\Windows\Sun\Java\bin;C:\Windows\system32;C:\Windows;C:\Program Files (x86)\Common Files\Intel\Shared Libraries\redist\intel64\compiler;C:\Windows\system32;C:\Windows;C:\Windows\System32\Wbem;C:\Windows\System32\WindowsPowerShell\v1.0\;C:\Windows\System32\OpenSSH\;C:\Program Files (x86)\NVIDIA Corporation\PhysX\Common;C:\Program Files\NVIDIA Corporation\NVIDIA NvDLISR;C:\Program Files\dotnet\;C:\Program Files\Java\jdk-12.0.2\bin;E:\Program Files\mysql-8.0.30-winx64\bin;C:\Users\numbe\AppData\Local\Microsoft\WindowsApps;C:\Users\numbe\AppData\Local\Programs\Microsoft VS Code\bin;."/>
    <property name="maven.conf" value="C:\Program Files\JetBrains\IntelliJ IDEA 2019.3.5\plugins\maven\lib\maven3/conf"/>
    <property name="jdk.debug" value="release"/>
    <property name="java.class.version" value="56.0"/>
    <property name="java.specification.name" value="Java Platform API Specification"/>
    <property name="sun.management.compiler" value="HotSpot 64-Bit Tiered Compilers"/>
    <property name="idea.version2019.3.5" value="true"/>
    <property name="os.version" value="10.0"/>
    <property name="user.home" value="C:\Users\numbe"/>
    <property name="user.timezone" value="Asia/Shanghai"/>
    <property name="file.encoding" value="UTF-8"/>
    <property name="java.specification.version" value="12"/>
    <property name="user.name" value="FANGZHEN"/>
    <property name="java.class.path" value="C:\Program Files\JetBrains\IntelliJ IDEA 2019.3.5\plugins\maven\lib\maven3\boot\plexus-classworlds-2.6.0.jar"/>
    <property name="java.vm.specification.version" value="12"/>
    <property name="sun.arch.data.model" value="64"/>
    <property name="sun.java.command" value="org.codehaus.classworlds.Launcher -Didea.version2019.3.5 package"/>
    <property name="java.home" value="C:\Program Files\Java\jdk-12.0.2"/>
    <property name="user.language" value="zh"/>
    <property name="java.specification.vendor" value="Oracle Corporation"/>
    <property name="awt.toolkit" value="sun.awt.windows.WToolkit"/>
    <property name="java.vm.info" value="mixed mode, sharing"/>
    <property name="java.version" value="12.0.2"/>
    <property name="java.vendor" value="Oracle Corporation"/>
    <property name="maven.home" value="C:\Program Files\JetBrains\IntelliJ IDEA 2019.3.5\plugins\maven\lib\maven3"/>
    <property name="file.separator" value="\"/>
    <property name="java.version.date" value="2019-07-16"/>
    <property name="java.vendor.url.bug" value="https://bugreport.java.com/bugreport/"/>
    <property name="sun.io.unicode.encoding" value="UnicodeLittle"/>
    <property name="sun.cpu.endian" value="little"/>
    <property name="sun.desktop" value="windows"/>
    <property name="sun.cpu.isalist" value="amd64"/>
  </properties>
  <testcase classname="MybatisTest" name="testFactory" time="0.361"/>
</testsuite>